# JRE version: Java(TM) SE Runtime Environment (8.0_101-b13) (build 1.8.0_101-b13)
# Java VM: Java HotSpot(TM) 64-Bit Server VM (25.101-b13 mixed mode windows-amd64 compressed oops)
Heap:
 PSYoungGen      total 28160K, used 12862K [0x00000000e1100000, 0x00000000e3000000, 0x0000000100000000)
  eden space 24576K, 37% used [0x00000000e1100000,0x00000000e1a0fb20,0x00000000e2900000)
  from space 3584K, 99% used [0x00000000e2c80000,0x00000000e2fffdd8,0x00000000e3000000)
  to   space 3584K, 0% used [0x00000000e2900000,0x00000000e2900000,0x00000000e2c80000)
 ParOldGen       total 64512K, used 1180K [0x00000000a3200000, 0x00000000a7100000, 0x00000000e1100000)
  object space 64512K, 1% used [0x00000000a3200000,0x00000000a33273e8,0x00000000a7100000)
 Metaspace       used 11987K, capacity 12388K, committed 12544K, reserved 1060864K
  class space    used 1592K, capacity 1752K, committed 1792K, reserved 1048576K
GC Heap History (4 events):
Event: 1.749 GC heap before
{Heap before GC invocations=1 (full 0):
 PSYoungGen      total 28160K, used 24576K [0x00000000e1100000, 0x00000000e3000000, 0x0000000100000000)
  eden space 24576K, 100% used [0x00000000e1100000,0x00000000e2900000,0x00000000e2900000)
  from space 3584K, 0% used [0x00000000e2c80000,0x00000000e2c80000,0x00000000e3000000)
  to   space 3584K, 0% used [0x00000000e2900000,0x00000000e2900000,0x00000000e2c80000)
 ParOldGen       total 64512K, used 0K [0x00000000a3200000, 0x00000000a7100000, 0x00000000e1100000)
  object space 64512K, 0% used [0x00000000a3200000,0x00000000a3200000,0x00000000a7100000)
 Metaspace       used 7848K, capacity 8076K, committed 8320K, reserved 1056768K
  class space    used 1042K, capacity 1092K, committed 1152K, reserved 1048576K
Event: 1.755 GC heap after
Heap after GC invocations=1 (full 0):
 PSYoungGen      total 28160K, used 3568K [0x00000000e1100000, 0x00000000e3000000, 0x0000000100000000)
  eden space 24576K, 0% used [0x00000000e1100000,0x00000000e1100000,0x00000000e2900000)
  from space 3584K, 99% used [0x00000000e2900000,0x00000000e2c7c238,0x00000000e2c80000)
  to   space 3584K, 0% used [0x00000000e2c80000,0x00000000e2c80000,0x00000000e3000000)
 ParOldGen       total 64512K, used 896K [0x00000000a3200000, 0x00000000a7100000, 0x00000000e1100000)
  object space 64512K, 1% used [0x00000000a3200000,0x00000000a32e02c8,0x00000000a7100000)
 Metaspace       used 7848K, capacity 8076K, committed 8320K, reserved 1056768K
  class space    used 1042K, capacity 1092K, committed 1152K, reserved 1048576K
}
Event: 19.192 GC heap before
{Heap before GC invocations=2 (full 0):
 PSYoungGen      total 28160K, used 28144K [0x00000000e1100000, 0x00000000e3000000, 0x0000000100000000)
  eden space 24576K, 100% used [0x00000000e1100000,0x00000000e2900000,0x00000000e2900000)
  from space 3584K, 99% used [0x00000000e2900000,0x00000000e2c7c238,0x00000000e2c80000)
  to   space 3584K, 0% used [0x00000000e2c80000,0x00000000e2c80000,0x00000000e3000000)
 ParOldGen       total 64512K, used 896K [0x00000000a3200000, 0x00000000a7100000, 0x00000000e1100000)
  object space 64512K, 1% used [0x00000000a3200000,0x00000000a32e02c8,0x00000000a7100000)
 Metaspace       used 9321K, capacity 9572K, committed 9856K, reserved 1058816K
  class space    used 1258K, capacity 1356K, committed 1408K, reserved 1048576K
Event: 19.196 GC heap after
Heap after GC invocations=2 (full 0):
 PSYoungGen      total 28160K, used 3583K [0x00000000e1100000, 0x00000000e3000000, 0x0000000100000000)
  eden space 24576K, 0% used [0x00000000e1100000,0x00000000e1100000,0x00000000e2900000)
  from space 3584K, 99% used [0x00000000e2c80000,0x00000000e2fffdd8,0x00000000e3000000)
  to   space 3584K, 0% used [0x00000000e2900000,0x00000000e2900000,0x00000000e2c80000)
 ParOldGen       total 64512K, used 1180K [0x00000000a3200000, 0x00000000a7100000, 0x00000000e1100000)
  object space 64512K, 1% used [0x00000000a3200000,0x00000000a33273e8,0x00000000a7100000)
 Metaspace       used 9321K, capacity 9572K, committed 9856K, reserved 1058816K
  class space    used 1258K, capacity 1356K, committed 1408K, reserved 1048576K
}

