# JRE version: Java(TM) SE Runtime Environment (8.0_101-b13) (build 1.8.0_101-b13)
# Java VM: Java HotSpot(TM) 64-Bit Server VM (25.101-b13 mixed mode windows-amd64 compressed oops)
Heap:
 PSYoungGen      total 146432K, used 77249K [0x00000000d5580000, 0x00000000df280000, 0x0000000100000000)
  eden space 134144K, 50% used [0x00000000d5580000,0x00000000d972eca8,0x00000000dd880000)
  from space 12288K, 81% used [0x00000000de500000,0x00000000deec1af0,0x00000000df100000)
  to   space 12800K, 0% used [0x00000000dd880000,0x00000000dd880000,0x00000000de500000)
 ParOldGen       total 75776K, used 18583K [0x0000000080000000, 0x0000000084a00000, 0x00000000d5580000)
  object space 75776K, 24% used [0x0000000080000000,0x0000000081225fe0,0x0000000084a00000)
 Metaspace       used 44866K, capacity 46023K, committed 46336K, reserved 1089536K
  class space    used 6103K, capacity 6388K, committed 6400K, reserved 1048576K
GC Heap History (10 events):
Event: 23.242 GC heap before
{Heap before GC invocations=8 (full 1):
 PSYoungGen      total 79872K, used 79361K [0x00000000d5580000, 0x00000000dc480000, 0x0000000100000000)
  eden space 73728K, 100% used [0x00000000d5580000,0x00000000d9d80000,0x00000000d9d80000)
  from space 6144K, 91% used [0x00000000dbe80000,0x00000000dc400468,0x00000000dc480000)
  to   space 8704K, 0% used [0x00000000db380000,0x00000000db380000,0x00000000dbc00000)
 ParOldGen       total 49664K, used 8297K [0x0000000080000000, 0x0000000083080000, 0x00000000d5580000)
  object space 49664K, 16% used [0x0000000080000000,0x000000008081a418,0x0000000083080000)
 Metaspace       used 29757K, capacity 30250K, committed 30720K, reserved 1075200K
  class space    used 4091K, capacity 4225K, committed 4352K, reserved 1048576K
Event: 23.252 GC heap after
Heap after GC invocations=8 (full 1):
 PSYoungGen      total 104960K, used 8522K [0x00000000d5580000, 0x00000000dcf80000, 0x0000000100000000)
  eden space 96256K, 0% used [0x00000000d5580000,0x00000000d5580000,0x00000000db380000)
  from space 8704K, 97% used [0x00000000db380000,0x00000000dbbd2ba8,0x00000000dbc00000)
  to   space 9728K, 0% used [0x00000000dc600000,0x00000000dc600000,0x00000000dcf80000)
 ParOldGen       total 49664K, used 8305K [0x0000000080000000, 0x0000000083080000, 0x00000000d5580000)
  object space 49664K, 16% used [0x0000000080000000,0x000000008081c418,0x0000000083080000)
 Metaspace       used 29757K, capacity 30250K, committed 30720K, reserved 1075200K
  class space    used 4091K, capacity 4225K, committed 4352K, reserved 1048576K
}
Event: 24.558 GC heap before
{Heap before GC invocations=9 (full 1):
 PSYoungGen      total 104960K, used 86377K [0x00000000d5580000, 0x00000000dcf80000, 0x0000000100000000)
  eden space 96256K, 80% used [0x00000000d5580000,0x00000000da187a40,0x00000000db380000)
  from space 8704K, 97% used [0x00000000db380000,0x00000000dbbd2ba8,0x00000000dbc00000)
  to   space 9728K, 0% used [0x00000000dc600000,0x00000000dc600000,0x00000000dcf80000)
 ParOldGen       total 49664K, used 8305K [0x0000000080000000, 0x0000000083080000, 0x00000000d5580000)
  object space 49664K, 16% used [0x0000000080000000,0x000000008081c418,0x0000000083080000)
 Metaspace       used 34725K, capacity 35257K, committed 35496K, reserved 1079296K
  class space    used 4726K, capacity 4864K, committed 4864K, reserved 1048576K
Event: 24.574 GC heap after
Heap after GC invocations=9 (full 1):
 PSYoungGen      total 113152K, used 9714K [0x00000000d5580000, 0x00000000df480000, 0x0000000100000000)
  eden space 103424K, 0% used [0x00000000d5580000,0x00000000d5580000,0x00000000dba80000)
  from space 9728K, 99% used [0x00000000dc600000,0x00000000dcf7cb70,0x00000000dcf80000)
  to   space 11776K, 0% used [0x00000000dba80000,0x00000000dba80000,0x00000000dc600000)
 ParOldGen       total 49664K, used 10668K [0x0000000080000000, 0x0000000083080000, 0x00000000d5580000)
  object space 49664K, 21% used [0x0000000080000000,0x0000000080a6b098,0x0000000083080000)
 Metaspace       used 34725K, capacity 35257K, committed 35496K, reserved 1079296K
  class space    used 4726K, capacity 4864K, committed 4864K, reserved 1048576K
}
Event: 24.574 GC heap before
{Heap before GC invocations=10 (full 2):
 PSYoungGen      total 113152K, used 9714K [0x00000000d5580000, 0x00000000df480000, 0x0000000100000000)
  eden space 103424K, 0% used [0x00000000d5580000,0x00000000d5580000,0x00000000dba80000)
  from space 9728K, 99% used [0x00000000dc600000,0x00000000dcf7cb70,0x00000000dcf80000)
  to   space 11776K, 0% used [0x00000000dba80000,0x00000000dba80000,0x00000000dc600000)
 ParOldGen       total 49664K, used 10668K [0x0000000080000000, 0x0000000083080000, 0x00000000d5580000)
  object space 49664K, 21% used [0x0000000080000000,0x0000000080a6b098,0x0000000083080000)
 Metaspace       used 34725K, capacity 35257K, committed 35496K, reserved 1079296K
  class space    used 4726K, capacity 4864K, committed 4864K, reserved 1048576K
Event: 24.655 GC heap after
Heap after GC invocations=10 (full 2):
 PSYoungGen      total 113152K, used 0K [0x00000000d5580000, 0x00000000df480000, 0x0000000100000000)
  eden space 103424K, 0% used [0x00000000d5580000,0x00000000d5580000,0x00000000dba80000)
  from space 9728K, 0% used [0x00000000dc600000,0x00000000dc600000,0x00000000dcf80000)
  to   space 11776K, 0% used [0x00000000dba80000,0x00000000dba80000,0x00000000dc600000)
 ParOldGen       total 75776K, used 18503K [0x0000000080000000, 0x0000000084a00000, 0x00000000d5580000)
  object space 75776K, 24% used [0x0000000080000000,0x0000000081211fd0,0x0000000084a00000)
 Metaspace       used 34725K, capacity 35257K, committed 35496K, reserved 1079296K
  class space    used 4726K, capacity 4864K, committed 4864K, reserved 1048576K
}
Event: 29.808 GC heap before
{Heap before GC invocations=11 (full 2):
 PSYoungGen      total 113152K, used 103424K [0x00000000d5580000, 0x00000000df480000, 0x0000000100000000)
  eden space 103424K, 100% used [0x00000000d5580000,0x00000000dba80000,0x00000000dba80000)
  from space 9728K, 0% used [0x00000000dc600000,0x00000000dc600000,0x00000000dcf80000)
  to   space 11776K, 0% used [0x00000000dba80000,0x00000000dba80000,0x00000000dc600000)
 ParOldGen       total 75776K, used 18503K [0x0000000080000000, 0x0000000084a00000, 0x00000000d5580000)
  object space 75776K, 24% used [0x0000000080000000,0x0000000081211fd0,0x0000000084a00000)
 Metaspace       used 41490K, capacity 42305K, committed 42624K, reserved 1085440K
  class space    used 5665K, capacity 5894K, committed 6016K, reserved 1048576K
Event: 29.818 GC heap after
Heap after GC invocations=11 (full 2):
 PSYoungGen      total 115200K, used 9371K [0x00000000d5580000, 0x00000000df100000, 0x0000000100000000)
  eden space 103424K, 0% used [0x00000000d5580000,0x00000000d5580000,0x00000000dba80000)
  from space 11776K, 79% used [0x00000000dba80000,0x00000000dc3a6db0,0x00000000dc600000)
  to   space 12288K, 0% used [0x00000000de500000,0x00000000de500000,0x00000000df100000)
 ParOldGen       total 75776K, used 18511K [0x0000000080000000, 0x0000000084a00000, 0x00000000d5580000)
  object space 75776K, 24% used [0x0000000080000000,0x0000000081213fd0,0x0000000084a00000)
 Metaspace       used 41490K, capacity 42305K, committed 42624K, reserved 1085440K
  class space    used 5665K, capacity 5894K, committed 6016K, reserved 1048576K
}
Event: 31.078 GC heap before
{Heap before GC invocations=12 (full 2):
 PSYoungGen      total 115200K, used 112795K [0x00000000d5580000, 0x00000000df100000, 0x0000000100000000)
  eden space 103424K, 100% used [0x00000000d5580000,0x00000000dba80000,0x00000000dba80000)
  from space 11776K, 79% used [0x00000000dba80000,0x00000000dc3a6db0,0x00000000dc600000)
  to   space 12288K, 0% used [0x00000000de500000,0x00000000de500000,0x00000000df100000)
 ParOldGen       total 75776K, used 18511K [0x0000000080000000, 0x0000000084a00000, 0x00000000d5580000)
  object space 75776K, 24% used [0x0000000080000000,0x0000000081213fd0,0x0000000084a00000)
 Metaspace       used 41807K, capacity 42679K, committed 42880K, reserved 1085440K
  class space    used 5679K, capacity 5903K, committed 6016K, reserved 1048576K
Event: 31.091 GC heap after
Heap after GC invocations=12 (full 2):
 PSYoungGen      total 146432K, used 9990K [0x00000000d5580000, 0x00000000df280000, 0x0000000100000000)
  eden space 134144K, 0% used [0x00000000d5580000,0x00000000d5580000,0x00000000dd880000)
  from space 12288K, 81% used [0x00000000de500000,0x00000000deec1af0,0x00000000df100000)
  to   space 12800K, 0% used [0x00000000dd880000,0x00000000dd880000,0x00000000de500000)
 ParOldGen       total 75776K, used 18583K [0x0000000080000000, 0x0000000084a00000, 0x00000000d5580000)
  object space 75776K, 24% used [0x0000000080000000,0x0000000081225fe0,0x0000000084a00000)
 Metaspace       used 41807K, capacity 42679K, committed 42880K, reserved 1085440K
  class space    used 5679K, capacity 5903K, committed 6016K, reserved 1048576K
}

