# JRE version: Java(TM) SE Runtime Environment (8.0_101-b13) (build 1.8.0_101-b13)
# Java VM: Java HotSpot(TM) 64-Bit Server VM (25.101-b13 mixed mode windows-amd64 compressed oops)
Heap:
 PSYoungGen      total 52736K, used 37038K [0x00000000d5580000, 0x00000000dab00000, 0x0000000100000000)
  eden space 49152K, 68% used [0x00000000d5580000,0x00000000d762e390,0x00000000d8580000)
  from space 3584K, 99% used [0x00000000d8580000,0x00000000d88fd768,0x00000000d8900000)
  to   space 8192K, 0% used [0x00000000da300000,0x00000000da300000,0x00000000dab00000)
 ParOldGen       total 52224K, used 14663K [0x0000000080000000, 0x0000000083300000, 0x00000000d5580000)
  object space 52224K, 28% used [0x0000000080000000,0x0000000080e51f60,0x0000000083300000)
 Metaspace       used 31100K, capacity 31742K, committed 32128K, reserved 1077248K
  class space    used 4259K, capacity 4441K, committed 4480K, reserved 1048576K
GC Heap History (10 events):
Event: 3.618 GC heap before
{Heap before GC invocations=4 (full 0):
 PSYoungGen      total 28160K, used 28144K [0x00000000d5580000, 0x00000000d8c80000, 0x0000000100000000)
  eden space 24576K, 100% used [0x00000000d5580000,0x00000000d6d80000,0x00000000d6d80000)
  from space 3584K, 99% used [0x00000000d6d80000,0x00000000d70fc030,0x00000000d7100000)
  to   space 3584K, 0% used [0x00000000d8900000,0x00000000d8900000,0x00000000d8c80000)
 ParOldGen       total 64512K, used 3138K [0x0000000080000000, 0x0000000083f00000, 0x00000000d5580000)
  object space 64512K, 4% used [0x0000000080000000,0x0000000080310a28,0x0000000083f00000)
 Metaspace       used 18415K, capacity 18786K, committed 19072K, reserved 1064960K
  class space    used 2503K, capacity 2617K, committed 2688K, reserved 1048576K
Event: 3.637 GC heap after
Heap after GC invocations=4 (full 0):
 PSYoungGen      total 52736K, used 3568K [0x00000000d5580000, 0x00000000d8c80000, 0x0000000100000000)
  eden space 49152K, 0% used [0x00000000d5580000,0x00000000d5580000,0x00000000d8580000)
  from space 3584K, 99% used [0x00000000d8900000,0x00000000d8c7c010,0x00000000d8c80000)
  to   space 3584K, 0% used [0x00000000d8580000,0x00000000d8580000,0x00000000d8900000)
 ParOldGen       total 64512K, used 7785K [0x0000000080000000, 0x0000000083f00000, 0x00000000d5580000)
  object space 64512K, 12% used [0x0000000080000000,0x000000008079a6d8,0x0000000083f00000)
 Metaspace       used 18415K, capacity 18786K, committed 19072K, reserved 1064960K
  class space    used 2503K, capacity 2617K, committed 2688K, reserved 1048576K
}
Event: 4.153 GC heap before
{Heap before GC invocations=5 (full 0):
 PSYoungGen      total 52736K, used 26691K [0x00000000d5580000, 0x00000000d8c80000, 0x0000000100000000)
  eden space 49152K, 47% used [0x00000000d5580000,0x00000000d6c14c58,0x00000000d8580000)
  from space 3584K, 99% used [0x00000000d8900000,0x00000000d8c7c010,0x00000000d8c80000)
  to   space 3584K, 0% used [0x00000000d8580000,0x00000000d8580000,0x00000000d8900000)
 ParOldGen       total 64512K, used 7785K [0x0000000080000000, 0x0000000083f00000, 0x00000000d5580000)
  object space 64512K, 12% used [0x0000000080000000,0x000000008079a6d8,0x0000000083f00000)
 Metaspace       used 20890K, capacity 21198K, committed 21296K, reserved 1067008K
  class space    used 2804K, capacity 2908K, committed 2944K, reserved 1048576K
Event: 4.160 GC heap after
Heap after GC invocations=5 (full 0):
 PSYoungGen      total 52736K, used 3568K [0x00000000d5580000, 0x00000000d8c80000, 0x0000000100000000)
  eden space 49152K, 0% used [0x00000000d5580000,0x00000000d5580000,0x00000000d8580000)
  from space 3584K, 99% used [0x00000000d8580000,0x00000000d88fc030,0x00000000d8900000)
  to   space 3584K, 0% used [0x00000000d8900000,0x00000000d8900000,0x00000000d8c80000)
 ParOldGen       total 64512K, used 10464K [0x0000000080000000, 0x0000000083f00000, 0x00000000d5580000)
  object space 64512K, 16% used [0x0000000080000000,0x0000000080a38320,0x0000000083f00000)
 Metaspace       used 20890K, capacity 21198K, committed 21296K, reserved 1067008K
  class space    used 2804K, capacity 2908K, committed 2944K, reserved 1048576K
}
Event: 4.160 GC heap before
{Heap before GC invocations=6 (full 1):
 PSYoungGen      total 52736K, used 3568K [0x00000000d5580000, 0x00000000d8c80000, 0x0000000100000000)
  eden space 49152K, 0% used [0x00000000d5580000,0x00000000d5580000,0x00000000d8580000)
  from space 3584K, 99% used [0x00000000d8580000,0x00000000d88fc030,0x00000000d8900000)
  to   space 3584K, 0% used [0x00000000d8900000,0x00000000d8900000,0x00000000d8c80000)
 ParOldGen       total 64512K, used 10464K [0x0000000080000000, 0x0000000083f00000, 0x00000000d5580000)
  object space 64512K, 16% used [0x0000000080000000,0x0000000080a38320,0x0000000083f00000)
 Metaspace       used 20890K, capacity 21198K, committed 21296K, reserved 1067008K
  class space    used 2804K, capacity 2908K, committed 2944K, reserved 1048576K
Event: 4.205 GC heap after
Heap after GC invocations=6 (full 1):
 PSYoungGen      total 52736K, used 0K [0x00000000d5580000, 0x00000000d8c80000, 0x0000000100000000)
  eden space 49152K, 0% used [0x00000000d5580000,0x00000000d5580000,0x00000000d8580000)
  from space 3584K, 0% used [0x00000000d8580000,0x00000000d8580000,0x00000000d8900000)
  to   space 3584K, 0% used [0x00000000d8900000,0x00000000d8900000,0x00000000d8c80000)
 ParOldGen       total 52224K, used 10780K [0x0000000080000000, 0x0000000083300000, 0x00000000d5580000)
  object space 52224K, 20% used [0x0000000080000000,0x0000000080a87190,0x0000000083300000)
 Metaspace       used 20890K, capacity 21198K, committed 21296K, reserved 1067008K
  class space    used 2804K, capacity 2908K, committed 2944K, reserved 1048576K
}
Event: 5.610 GC heap before
{Heap before GC invocations=7 (full 1):
 PSYoungGen      total 52736K, used 49152K [0x00000000d5580000, 0x00000000d8c80000, 0x0000000100000000)
  eden space 49152K, 100% used [0x00000000d5580000,0x00000000d8580000,0x00000000d8580000)
  from space 3584K, 0% used [0x00000000d8580000,0x00000000d8580000,0x00000000d8900000)
  to   space 3584K, 0% used [0x00000000d8900000,0x00000000d8900000,0x00000000d8c80000)
 ParOldGen       total 52224K, used 10780K [0x0000000080000000, 0x0000000083300000, 0x00000000d5580000)
  object space 52224K, 20% used [0x0000000080000000,0x0000000080a87190,0x0000000083300000)
 Metaspace       used 24975K, capacity 25346K, committed 25728K, reserved 1071104K
  class space    used 3472K, capacity 3625K, committed 3712K, reserved 1048576K
Event: 5.616 GC heap after
Heap after GC invocations=7 (full 1):
 PSYoungGen      total 52736K, used 3570K [0x00000000d5580000, 0x00000000d8c80000, 0x0000000100000000)
  eden space 49152K, 0% used [0x00000000d5580000,0x00000000d5580000,0x00000000d8580000)
  from space 3584K, 99% used [0x00000000d8900000,0x00000000d8c7c928,0x00000000d8c80000)
  to   space 3584K, 0% used [0x00000000d8580000,0x00000000d8580000,0x00000000d8900000)
 ParOldGen       total 52224K, used 12853K [0x0000000080000000, 0x0000000083300000, 0x00000000d5580000)
  object space 52224K, 24% used [0x0000000080000000,0x0000000080c8d690,0x0000000083300000)
 Metaspace       used 24975K, capacity 25346K, committed 25728K, reserved 1071104K
  class space    used 3472K, capacity 3625K, committed 3712K, reserved 1048576K
}
Event: 11.284 GC heap before
{Heap before GC invocations=8 (full 1):
 PSYoungGen      total 52736K, used 52722K [0x00000000d5580000, 0x00000000d8c80000, 0x0000000100000000)
  eden space 49152K, 100% used [0x00000000d5580000,0x00000000d8580000,0x00000000d8580000)
  from space 3584K, 99% used [0x00000000d8900000,0x00000000d8c7c928,0x00000000d8c80000)
  to   space 3584K, 0% used [0x00000000d8580000,0x00000000d8580000,0x00000000d8900000)
 ParOldGen       total 52224K, used 12853K [0x0000000080000000, 0x0000000083300000, 0x00000000d5580000)
  object space 52224K, 24% used [0x0000000080000000,0x0000000080c8d690,0x0000000083300000)
 Metaspace       used 27562K, capacity 28076K, committed 28288K, reserved 1073152K
  class space    used 3808K, capacity 3958K, committed 3968K, reserved 1048576K
Event: 11.290 GC heap after
Heap after GC invocations=8 (full 1):
 PSYoungGen      total 52736K, used 3573K [0x00000000d5580000, 0x00000000dab00000, 0x0000000100000000)
  eden space 49152K, 0% used [0x00000000d5580000,0x00000000d5580000,0x00000000d8580000)
  from space 3584K, 99% used [0x00000000d8580000,0x00000000d88fd768,0x00000000d8900000)
  to   space 8192K, 0% used [0x00000000da300000,0x00000000da300000,0x00000000dab00000)
 ParOldGen       total 52224K, used 14663K [0x0000000080000000, 0x0000000083300000, 0x00000000d5580000)
  object space 52224K, 28% used [0x0000000080000000,0x0000000080e51f60,0x0000000083300000)
 Metaspace       used 27562K, capacity 28076K, committed 28288K, reserved 1073152K
  class space    used 3808K, capacity 3958K, committed 3968K, reserved 1048576K
}

