# JRE version: Java(TM) SE Runtime Environment (8.0_101-b13) (build 1.8.0_101-b13)
# Java VM: Java HotSpot(TM) 64-Bit Server VM (25.101-b13 mixed mode windows-amd64 compressed oops)
Heap:
 PSYoungGen      total 27648K, used 11599K [0x00000000d5580000, 0x00000000d7f00000, 0x0000000100000000)
  eden space 24064K, 48% used [0x00000000d5580000,0x00000000d60d3e28,0x00000000d6d00000)
  from space 3584K, 0% used [0x00000000d6d80000,0x00000000d6d80000,0x00000000d7100000)
  to   space 9216K, 0% used [0x00000000d7600000,0x00000000d7600000,0x00000000d7f00000)
 ParOldGen       total 51200K, used 8263K [0x0000000080000000, 0x0000000083200000, 0x00000000d5580000)
  object space 51200K, 16% used [0x0000000080000000,0x0000000080811df0,0x0000000083200000)
 Metaspace       used 21929K, capacity 22258K, committed 22400K, reserved 1069056K
  class space    used 2995K, capacity 3106K, committed 3200K, reserved 1048576K
GC Heap History (10 events):
Event: 2.668 GC heap before
{Heap before GC invocations=2 (full 0):
 PSYoungGen      total 28160K, used 27953K [0x00000000d5580000, 0x00000000d7480000, 0x0000000100000000)
  eden space 24576K, 100% used [0x00000000d5580000,0x00000000d6d80000,0x00000000d6d80000)
  from space 3584K, 94% used [0x00000000d6d80000,0x00000000d70cc468,0x00000000d7100000)
  to   space 3584K, 0% used [0x00000000d7100000,0x00000000d7100000,0x00000000d7480000)
 ParOldGen       total 64512K, used 8K [0x0000000080000000, 0x0000000083f00000, 0x00000000d5580000)
  object space 64512K, 0% used [0x0000000080000000,0x0000000080002000,0x0000000083f00000)
 Metaspace       used 10017K, capacity 10268K, committed 10368K, reserved 1058816K
  class space    used 1288K, capacity 1364K, committed 1408K, reserved 1048576K
Event: 2.674 GC heap after
Heap after GC invocations=2 (full 0):
 PSYoungGen      total 28160K, used 3567K [0x00000000d5580000, 0x00000000d7480000, 0x0000000100000000)
  eden space 24576K, 0% used [0x00000000d5580000,0x00000000d5580000,0x00000000d6d80000)
  from space 3584K, 99% used [0x00000000d7100000,0x00000000d747be00,0x00000000d7480000)
  to   space 3584K, 0% used [0x00000000d6d80000,0x00000000d6d80000,0x00000000d7100000)
 ParOldGen       total 64512K, used 645K [0x0000000080000000, 0x0000000083f00000, 0x00000000d5580000)
  object space 64512K, 1% used [0x0000000080000000,0x00000000800a14a0,0x0000000083f00000)
 Metaspace       used 10017K, capacity 10268K, committed 10368K, reserved 1058816K
  class space    used 1288K, capacity 1364K, committed 1408K, reserved 1048576K
}
Event: 3.582 GC heap before
{Heap before GC invocations=3 (full 0):
 PSYoungGen      total 28160K, used 28143K [0x00000000d5580000, 0x00000000d7480000, 0x0000000100000000)
  eden space 24576K, 100% used [0x00000000d5580000,0x00000000d6d80000,0x00000000d6d80000)
  from space 3584K, 99% used [0x00000000d7100000,0x00000000d747be00,0x00000000d7480000)
  to   space 3584K, 0% used [0x00000000d6d80000,0x00000000d6d80000,0x00000000d7100000)
 ParOldGen       total 64512K, used 645K [0x0000000080000000, 0x0000000083f00000, 0x00000000d5580000)
  object space 64512K, 1% used [0x0000000080000000,0x00000000800a14a0,0x0000000083f00000)
 Metaspace       used 13465K, capacity 13856K, committed 14080K, reserved 1060864K
  class space    used 1836K, capacity 1950K, committed 2048K, reserved 1048576K
Event: 3.589 GC heap after
Heap after GC invocations=3 (full 0):
 PSYoungGen      total 28160K, used 3552K [0x00000000d5580000, 0x00000000d7480000, 0x0000000100000000)
  eden space 24576K, 0% used [0x00000000d5580000,0x00000000d5580000,0x00000000d6d80000)
  from space 3584K, 99% used [0x00000000d6d80000,0x00000000d70f8020,0x00000000d7100000)
  to   space 3584K, 0% used [0x00000000d7100000,0x00000000d7100000,0x00000000d7480000)
 ParOldGen       total 64512K, used 2925K [0x0000000080000000, 0x0000000083f00000, 0x00000000d5580000)
  object space 64512K, 4% used [0x0000000080000000,0x00000000802db550,0x0000000083f00000)
 Metaspace       used 13465K, capacity 13856K, committed 14080K, reserved 1060864K
  class space    used 1836K, capacity 1950K, committed 2048K, reserved 1048576K
}
Event: 4.690 GC heap before
{Heap before GC invocations=4 (full 0):
 PSYoungGen      total 28160K, used 28128K [0x00000000d5580000, 0x00000000d7480000, 0x0000000100000000)
  eden space 24576K, 100% used [0x00000000d5580000,0x00000000d6d80000,0x00000000d6d80000)
  from space 3584K, 99% used [0x00000000d6d80000,0x00000000d70f8020,0x00000000d7100000)
  to   space 3584K, 0% used [0x00000000d7100000,0x00000000d7100000,0x00000000d7480000)
 ParOldGen       total 64512K, used 2925K [0x0000000080000000, 0x0000000083f00000, 0x00000000d5580000)
  object space 64512K, 4% used [0x0000000080000000,0x00000000802db550,0x0000000083f00000)
 Metaspace       used 18372K, capacity 18720K, committed 19072K, reserved 1064960K
  class space    used 2491K, capacity 2590K, committed 2688K, reserved 1048576K
Event: 4.705 GC heap after
Heap after GC invocations=4 (full 0):
 PSYoungGen      total 28160K, used 3568K [0x00000000d5580000, 0x00000000d7480000, 0x0000000100000000)
  eden space 24576K, 0% used [0x00000000d5580000,0x00000000d5580000,0x00000000d6d80000)
  from space 3584K, 99% used [0x00000000d7100000,0x00000000d747c030,0x00000000d7480000)
  to   space 3584K, 0% used [0x00000000d6d80000,0x00000000d6d80000,0x00000000d7100000)
 ParOldGen       total 64512K, used 7745K [0x0000000080000000, 0x0000000083f00000, 0x00000000d5580000)
  object space 64512K, 12% used [0x0000000080000000,0x0000000080790418,0x0000000083f00000)
 Metaspace       used 18372K, capacity 18720K, committed 19072K, reserved 1064960K
  class space    used 2491K, capacity 2590K, committed 2688K, reserved 1048576K
}
Event: 5.415 GC heap before
{Heap before GC invocations=5 (full 0):
 PSYoungGen      total 28160K, used 25824K [0x00000000d5580000, 0x00000000d7480000, 0x0000000100000000)
  eden space 24576K, 90% used [0x00000000d5580000,0x00000000d6b3c0b8,0x00000000d6d80000)
  from space 3584K, 99% used [0x00000000d7100000,0x00000000d747c030,0x00000000d7480000)
  to   space 3584K, 0% used [0x00000000d6d80000,0x00000000d6d80000,0x00000000d7100000)
 ParOldGen       total 64512K, used 7745K [0x0000000080000000, 0x0000000083f00000, 0x00000000d5580000)
  object space 64512K, 12% used [0x0000000080000000,0x0000000080790418,0x0000000083f00000)
 Metaspace       used 20804K, capacity 21164K, committed 21296K, reserved 1067008K
  class space    used 2782K, capacity 2913K, committed 2944K, reserved 1048576K
Event: 5.423 GC heap after
Heap after GC invocations=5 (full 0):
 PSYoungGen      total 27648K, used 3552K [0x00000000d5580000, 0x00000000d7f00000, 0x0000000100000000)
  eden space 24064K, 0% used [0x00000000d5580000,0x00000000d5580000,0x00000000d6d00000)
  from space 3584K, 99% used [0x00000000d6d80000,0x00000000d70f8020,0x00000000d7100000)
  to   space 9216K, 0% used [0x00000000d7600000,0x00000000d7600000,0x00000000d7f00000)
 ParOldGen       total 64512K, used 10341K [0x0000000080000000, 0x0000000083f00000, 0x00000000d5580000)
  object space 64512K, 16% used [0x0000000080000000,0x0000000080a19460,0x0000000083f00000)
 Metaspace       used 20804K, capacity 21164K, committed 21296K, reserved 1067008K
  class space    used 2782K, capacity 2913K, committed 2944K, reserved 1048576K
}
Event: 5.423 GC heap before
{Heap before GC invocations=6 (full 1):
 PSYoungGen      total 27648K, used 3552K [0x00000000d5580000, 0x00000000d7f00000, 0x0000000100000000)
  eden space 24064K, 0% used [0x00000000d5580000,0x00000000d5580000,0x00000000d6d00000)
  from space 3584K, 99% used [0x00000000d6d80000,0x00000000d70f8020,0x00000000d7100000)
  to   space 9216K, 0% used [0x00000000d7600000,0x00000000d7600000,0x00000000d7f00000)
 ParOldGen       total 64512K, used 10341K [0x0000000080000000, 0x0000000083f00000, 0x00000000d5580000)
  object space 64512K, 16% used [0x0000000080000000,0x0000000080a19460,0x0000000083f00000)
 Metaspace       used 20804K, capacity 21164K, committed 21296K, reserved 1067008K
  class space    used 2782K, capacity 2913K, committed 2944K, reserved 1048576K
Event: 5.470 GC heap after
Heap after GC invocations=6 (full 1):
 PSYoungGen      total 27648K, used 0K [0x00000000d5580000, 0x00000000d7f00000, 0x0000000100000000)
  eden space 24064K, 0% used [0x00000000d5580000,0x00000000d5580000,0x00000000d6d00000)
  from space 3584K, 0% used [0x00000000d6d80000,0x00000000d6d80000,0x00000000d7100000)
  to   space 9216K, 0% used [0x00000000d7600000,0x00000000d7600000,0x00000000d7f00000)
 ParOldGen       total 51200K, used 8263K [0x0000000080000000, 0x0000000083200000, 0x00000000d5580000)
  object space 51200K, 16% used [0x0000000080000000,0x0000000080811df0,0x0000000083200000)
 Metaspace       used 20804K, capacity 21164K, committed 21296K, reserved 1067008K
  class space    used 2782K, capacity 2913K, committed 2944K, reserved 1048576K
}

