# JRE version: Java(TM) SE Runtime Environment (8.0_101-b13) (build 1.8.0_101-b13)
# Java VM: Java HotSpot(TM) 64-Bit Server VM (25.101-b13 mixed mode windows-amd64 compressed oops)
Heap:
 PSYoungGen      total 28160K, used 27791K [0x00000000d5580000, 0x00000000d7480000, 0x0000000100000000)
  eden space 24576K, 98% used [0x00000000d5580000,0x00000000d6d27df0,0x00000000d6d80000)
  from space 3584K, 99% used [0x00000000d6d80000,0x00000000d70fc010,0x00000000d7100000)
  to   space 3584K, 0% used [0x00000000d7100000,0x00000000d7100000,0x00000000d7480000)
 ParOldGen       total 64512K, used 2932K [0x0000000080000000, 0x0000000083f00000, 0x00000000d5580000)
  object space 64512K, 4% used [0x0000000080000000,0x00000000802dd3a8,0x0000000083f00000)
 Metaspace       used 18334K, capacity 18720K, committed 19072K, reserved 1064960K
  class space    used 2477K, capacity 2590K, committed 2688K, reserved 1048576K
GC Heap History (6 events):
Event: 0.703 GC heap before
{Heap before GC invocations=1 (full 0):
 PSYoungGen      total 28160K, used 24576K [0x00000000d5580000, 0x00000000d7480000, 0x0000000100000000)
  eden space 24576K, 100% used [0x00000000d5580000,0x00000000d6d80000,0x00000000d6d80000)
  from space 3584K, 0% used [0x00000000d7100000,0x00000000d7100000,0x00000000d7480000)
  to   space 3584K, 0% used [0x00000000d6d80000,0x00000000d6d80000,0x00000000d7100000)
 ParOldGen       total 64512K, used 0K [0x0000000080000000, 0x0000000083f00000, 0x00000000d5580000)
  object space 64512K, 0% used [0x0000000080000000,0x0000000080000000,0x0000000083f00000)
 Metaspace       used 6048K, capacity 6308K, committed 6528K, reserved 1056768K
  class space    used 778K, capacity 828K, committed 896K, reserved 1048576K
Event: 0.708 GC heap after
Heap after GC invocations=1 (full 0):
 PSYoungGen      total 28160K, used 3329K [0x00000000d5580000, 0x00000000d7480000, 0x0000000100000000)
  eden space 24576K, 0% used [0x00000000d5580000,0x00000000d5580000,0x00000000d6d80000)
  from space 3584K, 92% used [0x00000000d6d80000,0x00000000d70c0478,0x00000000d7100000)
  to   space 3584K, 0% used [0x00000000d7100000,0x00000000d7100000,0x00000000d7480000)
 ParOldGen       total 64512K, used 8K [0x0000000080000000, 0x0000000083f00000, 0x00000000d5580000)
  object space 64512K, 0% used [0x0000000080000000,0x0000000080002000,0x0000000083f00000)
 Metaspace       used 6048K, capacity 6308K, committed 6528K, reserved 1056768K
  class space    used 778K, capacity 828K, committed 896K, reserved 1048576K
}
Event: 2.609 GC heap before
{Heap before GC invocations=2 (full 0):
 PSYoungGen      total 28160K, used 27905K [0x00000000d5580000, 0x00000000d7480000, 0x0000000100000000)
  eden space 24576K, 100% used [0x00000000d5580000,0x00000000d6d80000,0x00000000d6d80000)
  from space 3584K, 92% used [0x00000000d6d80000,0x00000000d70c0478,0x00000000d7100000)
  to   space 3584K, 0% used [0x00000000d7100000,0x00000000d7100000,0x00000000d7480000)
 ParOldGen       total 64512K, used 8K [0x0000000080000000, 0x0000000083f00000, 0x00000000d5580000)
  object space 64512K, 0% used [0x0000000080000000,0x0000000080002000,0x0000000083f00000)
 Metaspace       used 10049K, capacity 10330K, committed 10624K, reserved 1058816K
  class space    used 1294K, capacity 1363K, committed 1408K, reserved 1048576K
Event: 2.615 GC heap after
Heap after GC invocations=2 (full 0):
 PSYoungGen      total 28160K, used 3560K [0x00000000d5580000, 0x00000000d7480000, 0x0000000100000000)
  eden space 24576K, 0% used [0x00000000d5580000,0x00000000d5580000,0x00000000d6d80000)
  from space 3584K, 99% used [0x00000000d7100000,0x00000000d747a308,0x00000000d7480000)
  to   space 3584K, 0% used [0x00000000d6d80000,0x00000000d6d80000,0x00000000d7100000)
 ParOldGen       total 64512K, used 658K [0x0000000080000000, 0x0000000083f00000, 0x00000000d5580000)
  object space 64512K, 1% used [0x0000000080000000,0x00000000800a4b20,0x0000000083f00000)
 Metaspace       used 10049K, capacity 10330K, committed 10624K, reserved 1058816K
  class space    used 1294K, capacity 1363K, committed 1408K, reserved 1048576K
}
Event: 3.213 GC heap before
{Heap before GC invocations=3 (full 0):
 PSYoungGen      total 28160K, used 28136K [0x00000000d5580000, 0x00000000d7480000, 0x0000000100000000)
  eden space 24576K, 100% used [0x00000000d5580000,0x00000000d6d80000,0x00000000d6d80000)
  from space 3584K, 99% used [0x00000000d7100000,0x00000000d747a308,0x00000000d7480000)
  to   space 3584K, 0% used [0x00000000d6d80000,0x00000000d6d80000,0x00000000d7100000)
 ParOldGen       total 64512K, used 658K [0x0000000080000000, 0x0000000083f00000, 0x00000000d5580000)
  object space 64512K, 1% used [0x0000000080000000,0x00000000800a4b20,0x0000000083f00000)
 Metaspace       used 13553K, capacity 13920K, committed 14080K, reserved 1060864K
  class space    used 1837K, capacity 1950K, committed 2048K, reserved 1048576K
Event: 3.221 GC heap after
Heap after GC invocations=3 (full 0):
 PSYoungGen      total 28160K, used 3568K [0x00000000d5580000, 0x00000000d7480000, 0x0000000100000000)
  eden space 24576K, 0% used [0x00000000d5580000,0x00000000d5580000,0x00000000d6d80000)
  from space 3584K, 99% used [0x00000000d6d80000,0x00000000d70fc010,0x00000000d7100000)
  to   space 3584K, 0% used [0x00000000d7100000,0x00000000d7100000,0x00000000d7480000)
 ParOldGen       total 64512K, used 2932K [0x0000000080000000, 0x0000000083f00000, 0x00000000d5580000)
  object space 64512K, 4% used [0x0000000080000000,0x00000000802dd3a8,0x0000000083f00000)
 Metaspace       used 13553K, capacity 13920K, committed 14080K, reserved 1060864K
  class space    used 1837K, capacity 1950K, committed 2048K, reserved 1048576K
}

