# JRE version: Java(TM) SE Runtime Environment (8.0_101-b13) (build 1.8.0_101-b13)
# Java VM: Java HotSpot(TM) 64-Bit Server VM (25.101-b13 mixed mode windows-amd64 compressed oops)
Heap:
 PSYoungGen      total 109568K, used 35326K [0x00000000d5580000, 0x00000000dcb80000, 0x0000000100000000)
  eden space 103424K, 29% used [0x00000000d5580000,0x00000000d73a4170,0x00000000dba80000)
  from space 6144K, 72% used [0x00000000dc580000,0x00000000dc9dba80,0x00000000dcb80000)
  to   space 8704K, 0% used [0x00000000dba80000,0x00000000dba80000,0x00000000dc300000)
 ParOldGen       total 62464K, used 21662K [0x0000000080000000, 0x0000000083d00000, 0x00000000d5580000)
  object space 62464K, 34% used [0x0000000080000000,0x0000000081527b10,0x0000000083d00000)
 Metaspace       used 45099K, capacity 46307K, committed 46464K, reserved 1089536K
  class space    used 6142K, capacity 6430K, committed 6528K, reserved 1048576K
GC Heap History (10 events):
Event: 34.006 GC heap before
{Heap before GC invocations=14 (full 2):
 PSYoungGen      total 59904K, used 5447K [0x00000000d5580000, 0x00000000d9c80000, 0x0000000100000000)
  eden space 50688K, 0% used [0x00000000d5580000,0x00000000d5580000,0x00000000d8700000)
  from space 9216K, 59% used [0x00000000d8f80000,0x00000000d94d1c08,0x00000000d9880000)
  to   space 8704K, 0% used [0x00000000d8700000,0x00000000d8700000,0x00000000d8f80000)
 ParOldGen       total 49152K, used 12122K [0x0000000080000000, 0x0000000083000000, 0x00000000d5580000)
  object space 49152K, 24% used [0x0000000080000000,0x0000000080bd6b10,0x0000000083000000)
 Metaspace       used 34759K, capacity 35321K, committed 35496K, reserved 1079296K
  class space    used 4724K, capacity 4864K, committed 4864K, reserved 1048576K
Event: 34.099 GC heap after
Heap after GC invocations=14 (full 2):
 PSYoungGen      total 59904K, used 0K [0x00000000d5580000, 0x00000000d9c80000, 0x0000000100000000)
  eden space 50688K, 0% used [0x00000000d5580000,0x00000000d5580000,0x00000000d8700000)
  from space 9216K, 0% used [0x00000000d8f80000,0x00000000d8f80000,0x00000000d9880000)
  to   space 8704K, 0% used [0x00000000d8700000,0x00000000d8700000,0x00000000d8f80000)
 ParOldGen       total 62464K, used 15715K [0x0000000080000000, 0x0000000083d00000, 0x00000000d5580000)
  object space 62464K, 25% used [0x0000000080000000,0x0000000080f58c48,0x0000000083d00000)
 Metaspace       used 34759K, capacity 35321K, committed 35496K, reserved 1079296K
  class space    used 4724K, capacity 4864K, committed 4864K, reserved 1048576K
}
Event: 40.010 GC heap before
{Heap before GC invocations=15 (full 2):
 PSYoungGen      total 59904K, used 50688K [0x00000000d5580000, 0x00000000d9c80000, 0x0000000100000000)
  eden space 50688K, 100% used [0x00000000d5580000,0x00000000d8700000,0x00000000d8700000)
  from space 9216K, 0% used [0x00000000d8f80000,0x00000000d8f80000,0x00000000d9880000)
  to   space 8704K, 0% used [0x00000000d8700000,0x00000000d8700000,0x00000000d8f80000)
 ParOldGen       total 62464K, used 15715K [0x0000000080000000, 0x0000000083d00000, 0x00000000d5580000)
  object space 62464K, 25% used [0x0000000080000000,0x0000000080f58c48,0x0000000083d00000)
 Metaspace       used 40452K, capacity 41241K, committed 41472K, reserved 1085440K
  class space    used 5577K, capacity 5786K, committed 5888K, reserved 1048576K
Event: 40.019 GC heap after
Heap after GC invocations=15 (full 2):
 PSYoungGen      total 59392K, used 6903K [0x00000000d5580000, 0x00000000db080000, 0x0000000100000000)
  eden space 50688K, 0% used [0x00000000d5580000,0x00000000d5580000,0x00000000d8700000)
  from space 8704K, 79% used [0x00000000d8700000,0x00000000d8dbdc18,0x00000000d8f80000)
  to   space 9216K, 0% used [0x00000000da780000,0x00000000da780000,0x00000000db080000)
 ParOldGen       total 62464K, used 15723K [0x0000000080000000, 0x0000000083d00000, 0x00000000d5580000)
  object space 62464K, 25% used [0x0000000080000000,0x0000000080f5ac48,0x0000000083d00000)
 Metaspace       used 40452K, capacity 41241K, committed 41472K, reserved 1085440K
  class space    used 5577K, capacity 5786K, committed 5888K, reserved 1048576K
}
Event: 41.031 GC heap before
{Heap before GC invocations=16 (full 2):
 PSYoungGen      total 59392K, used 57591K [0x00000000d5580000, 0x00000000db080000, 0x0000000100000000)
  eden space 50688K, 100% used [0x00000000d5580000,0x00000000d8700000,0x00000000d8700000)
  from space 8704K, 79% used [0x00000000d8700000,0x00000000d8dbdc18,0x00000000d8f80000)
  to   space 9216K, 0% used [0x00000000da780000,0x00000000da780000,0x00000000db080000)
 ParOldGen       total 62464K, used 15723K [0x0000000080000000, 0x0000000083d00000, 0x00000000d5580000)
  object space 62464K, 25% used [0x0000000080000000,0x0000000080f5ac48,0x0000000083d00000)
 Metaspace       used 41490K, capacity 42305K, committed 42624K, reserved 1085440K
  class space    used 5665K, capacity 5894K, committed 6016K, reserved 1048576K
Event: 41.039 GC heap after
Heap after GC invocations=16 (full 2):
 PSYoungGen      total 81920K, used 2611K [0x00000000d5580000, 0x00000000daf80000, 0x0000000100000000)
  eden space 73728K, 0% used [0x00000000d5580000,0x00000000d5580000,0x00000000d9d80000)
  from space 8192K, 31% used [0x00000000da780000,0x00000000daa0ce08,0x00000000daf80000)
  to   space 9216K, 0% used [0x00000000d9d80000,0x00000000d9d80000,0x00000000da680000)
 ParOldGen       total 62464K, used 21325K [0x0000000080000000, 0x0000000083d00000, 0x00000000d5580000)
  object space 62464K, 34% used [0x0000000080000000,0x00000000814d3620,0x0000000083d00000)
 Metaspace       used 41490K, capacity 42305K, committed 42624K, reserved 1085440K
  class space    used 5665K, capacity 5894K, committed 6016K, reserved 1048576K
}
Event: 42.073 GC heap before
{Heap before GC invocations=17 (full 2):
 PSYoungGen      total 81920K, used 76339K [0x00000000d5580000, 0x00000000daf80000, 0x0000000100000000)
  eden space 73728K, 100% used [0x00000000d5580000,0x00000000d9d80000,0x00000000d9d80000)
  from space 8192K, 31% used [0x00000000da780000,0x00000000daa0ce08,0x00000000daf80000)
  to   space 9216K, 0% used [0x00000000d9d80000,0x00000000d9d80000,0x00000000da680000)
 ParOldGen       total 62464K, used 21325K [0x0000000080000000, 0x0000000083d00000, 0x00000000d5580000)
  object space 62464K, 34% used [0x0000000080000000,0x00000000814d3620,0x0000000083d00000)
 Metaspace       used 41769K, capacity 42585K, committed 42880K, reserved 1085440K
  class space    used 5676K, capacity 5898K, committed 6016K, reserved 1048576K
Event: 42.076 GC heap after
Heap after GC invocations=17 (full 2):
 PSYoungGen      total 82944K, used 3441K [0x00000000d5580000, 0x00000000dce80000, 0x0000000100000000)
  eden space 73728K, 0% used [0x00000000d5580000,0x00000000d5580000,0x00000000d9d80000)
  from space 9216K, 37% used [0x00000000d9d80000,0x00000000da0dc540,0x00000000da680000)
  to   space 9216K, 0% used [0x00000000dc580000,0x00000000dc580000,0x00000000dce80000)
 ParOldGen       total 62464K, used 21542K [0x0000000080000000, 0x0000000083d00000, 0x00000000d5580000)
  object space 62464K, 34% used [0x0000000080000000,0x0000000081509b10,0x0000000083d00000)
 Metaspace       used 41769K, capacity 42585K, committed 42880K, reserved 1085440K
  class space    used 5676K, capacity 5898K, committed 6016K, reserved 1048576K
}
Event: 45.347 GC heap before
{Heap before GC invocations=18 (full 2):
 PSYoungGen      total 82944K, used 77169K [0x00000000d5580000, 0x00000000dce80000, 0x0000000100000000)
  eden space 73728K, 100% used [0x00000000d5580000,0x00000000d9d80000,0x00000000d9d80000)
  from space 9216K, 37% used [0x00000000d9d80000,0x00000000da0dc540,0x00000000da680000)
  to   space 9216K, 0% used [0x00000000dc580000,0x00000000dc580000,0x00000000dce80000)
 ParOldGen       total 62464K, used 21542K [0x0000000080000000, 0x0000000083d00000, 0x00000000d5580000)
  object space 62464K, 34% used [0x0000000080000000,0x0000000081509b10,0x0000000083d00000)
 Metaspace       used 42914K, capacity 43817K, committed 44032K, reserved 1087488K
  class space    used 5815K, capacity 6050K, committed 6144K, reserved 1048576K
Event: 45.357 GC heap after
Heap after GC invocations=18 (full 2):
 PSYoungGen      total 109568K, used 4462K [0x00000000d5580000, 0x00000000dcb80000, 0x0000000100000000)
  eden space 103424K, 0% used [0x00000000d5580000,0x00000000d5580000,0x00000000dba80000)
  from space 6144K, 72% used [0x00000000dc580000,0x00000000dc9dba80,0x00000000dcb80000)
  to   space 8704K, 0% used [0x00000000dba80000,0x00000000dba80000,0x00000000dc300000)
 ParOldGen       total 62464K, used 21662K [0x0000000080000000, 0x0000000083d00000, 0x00000000d5580000)
  object space 62464K, 34% used [0x0000000080000000,0x0000000081527b10,0x0000000083d00000)
 Metaspace       used 42914K, capacity 43817K, committed 44032K, reserved 1087488K
  class space    used 5815K, capacity 6050K, committed 6144K, reserved 1048576K
}

