# JRE version: Java(TM) SE Runtime Environment (8.0_101-b13) (build 1.8.0_101-b13)
# Java VM: Java HotSpot(TM) 64-Bit Server VM (25.101-b13 mixed mode windows-amd64 compressed oops)
Heap:
 PSYoungGen      total 122368K, used 112405K [0x00000000d5580000, 0x00000000de000000, 0x0000000100000000)
  eden space 109056K, 90% used [0x00000000d5580000,0x00000000db6486a8,0x00000000dc000000)
  from space 13312K, 99% used [0x00000000dcf80000,0x00000000ddc7d038,0x00000000ddc80000)
  to   space 15872K, 0% used [0x00000000dc000000,0x00000000dc000000,0x00000000dcf80000)
 ParOldGen       total 71680K, used 17800K [0x0000000080000000, 0x0000000084600000, 0x00000000d5580000)
  object space 71680K, 24% used [0x0000000080000000,0x0000000081162190,0x0000000084600000)
 Metaspace       used 49960K, capacity 51374K, committed 51456K, reserved 1093632K
  class space    used 6824K, capacity 7138K, committed 7168K, reserved 1048576K
GC Heap History (10 events):
Event: 28.512 GC heap before
{Heap before GC invocations=12 (full 2):
 PSYoungGen      total 74752K, used 9019K [0x00000000d5580000, 0x00000000dac00000, 0x0000000100000000)
  eden space 65024K, 0% used [0x00000000d5580000,0x00000000d5580000,0x00000000d9500000)
  from space 9728K, 92% used [0x00000000d9f00000,0x00000000da7cee58,0x00000000da880000)
  to   space 10240K, 0% used [0x00000000d9500000,0x00000000d9500000,0x00000000d9f00000)
 ParOldGen       total 50688K, used 9138K [0x0000000080000000, 0x0000000083180000, 0x00000000d5580000)
  object space 50688K, 18% used [0x0000000080000000,0x00000000808ec868,0x0000000083180000)
 Metaspace       used 34650K, capacity 35150K, committed 35456K, reserved 1079296K
  class space    used 4706K, capacity 4865K, committed 4992K, reserved 1048576K
Event: 28.605 GC heap after
Heap after GC invocations=12 (full 2):
 PSYoungGen      total 74752K, used 0K [0x00000000d5580000, 0x00000000dac00000, 0x0000000100000000)
  eden space 65024K, 0% used [0x00000000d5580000,0x00000000d5580000,0x00000000d9500000)
  from space 9728K, 0% used [0x00000000d9f00000,0x00000000d9f00000,0x00000000da880000)
  to   space 10240K, 0% used [0x00000000d9500000,0x00000000d9500000,0x00000000d9f00000)
 ParOldGen       total 71680K, used 15587K [0x0000000080000000, 0x0000000084600000, 0x00000000d5580000)
  object space 71680K, 21% used [0x0000000080000000,0x0000000080f38c30,0x0000000084600000)
 Metaspace       used 34650K, capacity 35150K, committed 35456K, reserved 1079296K
  class space    used 4706K, capacity 4865K, committed 4992K, reserved 1048576K
}
Event: 34.430 GC heap before
{Heap before GC invocations=13 (full 2):
 PSYoungGen      total 74752K, used 65024K [0x00000000d5580000, 0x00000000dac00000, 0x0000000100000000)
  eden space 65024K, 100% used [0x00000000d5580000,0x00000000d9500000,0x00000000d9500000)
  from space 9728K, 0% used [0x00000000d9f00000,0x00000000d9f00000,0x00000000da880000)
  to   space 10240K, 0% used [0x00000000d9500000,0x00000000d9500000,0x00000000d9f00000)
 ParOldGen       total 71680K, used 15587K [0x0000000080000000, 0x0000000084600000, 0x00000000d5580000)
  object space 71680K, 21% used [0x0000000080000000,0x0000000080f38c30,0x0000000084600000)
 Metaspace       used 41238K, capacity 42076K, committed 42240K, reserved 1085440K
  class space    used 5657K, capacity 5887K, committed 5888K, reserved 1048576K
Event: 34.441 GC heap after
Heap after GC invocations=13 (full 2):
 PSYoungGen      total 75264K, used 8997K [0x00000000d5580000, 0x00000000dc100000, 0x0000000100000000)
  eden space 65024K, 0% used [0x00000000d5580000,0x00000000d5580000,0x00000000d9500000)
  from space 10240K, 87% used [0x00000000d9500000,0x00000000d9dc9640,0x00000000d9f00000)
  to   space 11264K, 0% used [0x00000000db600000,0x00000000db600000,0x00000000dc100000)
 ParOldGen       total 71680K, used 15595K [0x0000000080000000, 0x0000000084600000, 0x00000000d5580000)
  object space 71680K, 21% used [0x0000000080000000,0x0000000080f3ac30,0x0000000084600000)
 Metaspace       used 41238K, capacity 42076K, committed 42240K, reserved 1085440K
  class space    used 5657K, capacity 5887K, committed 5888K, reserved 1048576K
}
Event: 36.533 GC heap before
{Heap before GC invocations=14 (full 2):
 PSYoungGen      total 75264K, used 74021K [0x00000000d5580000, 0x00000000dc100000, 0x0000000100000000)
  eden space 65024K, 100% used [0x00000000d5580000,0x00000000d9500000,0x00000000d9500000)
  from space 10240K, 87% used [0x00000000d9500000,0x00000000d9dc9640,0x00000000d9f00000)
  to   space 11264K, 0% used [0x00000000db600000,0x00000000db600000,0x00000000dc100000)
 ParOldGen       total 71680K, used 15595K [0x0000000080000000, 0x0000000084600000, 0x00000000d5580000)
  object space 71680K, 21% used [0x0000000080000000,0x0000000080f3ac30,0x0000000084600000)
 Metaspace       used 41610K, capacity 42468K, committed 42880K, reserved 1085440K
  class space    used 5665K, capacity 5899K, committed 6016K, reserved 1048576K
Event: 36.542 GC heap after
Heap after GC invocations=14 (full 2):
 PSYoungGen      total 97280K, used 10460K [0x00000000d5580000, 0x00000000dc180000, 0x0000000100000000)
  eden space 86016K, 0% used [0x00000000d5580000,0x00000000d5580000,0x00000000da980000)
  from space 11264K, 92% used [0x00000000db600000,0x00000000dc0371a0,0x00000000dc100000)
  to   space 12288K, 0% used [0x00000000da980000,0x00000000da980000,0x00000000db580000)
 ParOldGen       total 71680K, used 15603K [0x0000000080000000, 0x0000000084600000, 0x00000000d5580000)
  object space 71680K, 21% used [0x0000000080000000,0x0000000080f3cc30,0x0000000084600000)
 Metaspace       used 41610K, capacity 42468K, committed 42880K, reserved 1085440K
  class space    used 5665K, capacity 5899K, committed 6016K, reserved 1048576K
}
Event: 38.412 GC heap before
{Heap before GC invocations=15 (full 2):
 PSYoungGen      total 97280K, used 96474K [0x00000000d5580000, 0x00000000dc180000, 0x0000000100000000)
  eden space 86016K, 99% used [0x00000000d5580000,0x00000000da97f808,0x00000000da980000)
  from space 11264K, 92% used [0x00000000db600000,0x00000000dc0371a0,0x00000000dc100000)
  to   space 12288K, 0% used [0x00000000da980000,0x00000000da980000,0x00000000db580000)
 ParOldGen       total 71680K, used 15603K [0x0000000080000000, 0x0000000084600000, 0x00000000d5580000)
  object space 71680K, 21% used [0x0000000080000000,0x0000000080f3cc30,0x0000000084600000)
 Metaspace       used 41876K, capacity 42714K, committed 42880K, reserved 1085440K
  class space    used 5678K, capacity 5908K, committed 6016K, reserved 1048576K
Event: 38.424 GC heap after
Heap after GC invocations=15 (full 2):
 PSYoungGen      total 98304K, used 11296K [0x00000000d5580000, 0x00000000ddc80000, 0x0000000100000000)
  eden space 86016K, 0% used [0x00000000d5580000,0x00000000d5580000,0x00000000da980000)
  from space 12288K, 91% used [0x00000000da980000,0x00000000db4883a8,0x00000000db580000)
  to   space 13312K, 0% used [0x00000000dcf80000,0x00000000dcf80000,0x00000000ddc80000)
 ParOldGen       total 71680K, used 15675K [0x0000000080000000, 0x0000000084600000, 0x00000000d5580000)
  object space 71680K, 21% used [0x0000000080000000,0x0000000080f4ec40,0x0000000084600000)
 Metaspace       used 41876K, capacity 42714K, committed 42880K, reserved 1085440K
  class space    used 5678K, capacity 5908K, committed 6016K, reserved 1048576K
}
Event: 42.590 GC heap before
{Heap before GC invocations=16 (full 2):
 PSYoungGen      total 98304K, used 97312K [0x00000000d5580000, 0x00000000ddc80000, 0x0000000100000000)
  eden space 86016K, 100% used [0x00000000d5580000,0x00000000da980000,0x00000000da980000)
  from space 12288K, 91% used [0x00000000da980000,0x00000000db4883a8,0x00000000db580000)
  to   space 13312K, 0% used [0x00000000dcf80000,0x00000000dcf80000,0x00000000ddc80000)
 ParOldGen       total 71680K, used 15675K [0x0000000080000000, 0x0000000084600000, 0x00000000d5580000)
  object space 71680K, 21% used [0x0000000080000000,0x0000000080f4ec40,0x0000000084600000)
 Metaspace       used 45970K, capacity 47250K, committed 47360K, reserved 1089536K
  class space    used 6280K, capacity 6583K, committed 6656K, reserved 1048576K
Event: 42.609 GC heap after
Heap after GC invocations=16 (full 2):
 PSYoungGen      total 122368K, used 13300K [0x00000000d5580000, 0x00000000de000000, 0x0000000100000000)
  eden space 109056K, 0% used [0x00000000d5580000,0x00000000d5580000,0x00000000dc000000)
  from space 13312K, 99% used [0x00000000dcf80000,0x00000000ddc7d038,0x00000000ddc80000)
  to   space 15872K, 0% used [0x00000000dc000000,0x00000000dc000000,0x00000000dcf80000)
 ParOldGen       total 71680K, used 17800K [0x0000000080000000, 0x0000000084600000, 0x00000000d5580000)
  object space 71680K, 24% used [0x0000000080000000,0x0000000081162190,0x0000000084600000)
 Metaspace       used 45970K, capacity 47250K, committed 47360K, reserved 1089536K
  class space    used 6280K, capacity 6583K, committed 6656K, reserved 1048576K
}

