# JRE version: Java(TM) SE Runtime Environment (8.0_101-b13) (build 1.8.0_101-b13)
# Java VM: Java HotSpot(TM) 64-Bit Server VM (25.101-b13 mixed mode windows-amd64 compressed oops)
Heap:
 PSYoungGen      total 27648K, used 10446K [0x00000000d5580000, 0x00000000d7f00000, 0x0000000100000000)
  eden space 24064K, 43% used [0x00000000d5580000,0x00000000d5fb3aa0,0x00000000d6d00000)
  from space 3584K, 0% used [0x00000000d6d80000,0x00000000d6d80000,0x00000000d7100000)
  to   space 9216K, 0% used [0x00000000d7600000,0x00000000d7600000,0x00000000d7f00000)
 ParOldGen       total 37888K, used 8267K [0x0000000080000000, 0x0000000082500000, 0x00000000d5580000)
  object space 37888K, 21% used [0x0000000080000000,0x0000000080812e60,0x0000000082500000)
 Metaspace       used 21831K, capacity 22128K, committed 22400K, reserved 1069056K
  class space    used 2984K, capacity 3095K, committed 3200K, reserved 1048576K
GC Heap History (10 events):
Event: 8.019 GC heap before
{Heap before GC invocations=2 (full 0):
 PSYoungGen      total 28160K, used 27936K [0x00000000d5580000, 0x00000000d7480000, 0x0000000100000000)
  eden space 24576K, 100% used [0x00000000d5580000,0x00000000d6d80000,0x00000000d6d80000)
  from space 3584K, 93% used [0x00000000d6d80000,0x00000000d70c8230,0x00000000d7100000)
  to   space 3584K, 0% used [0x00000000d7100000,0x00000000d7100000,0x00000000d7480000)
 ParOldGen       total 64512K, used 8K [0x0000000080000000, 0x0000000083f00000, 0x00000000d5580000)
  object space 64512K, 0% used [0x0000000080000000,0x0000000080002000,0x0000000083f00000)
 Metaspace       used 9722K, capacity 10028K, committed 10112K, reserved 1058816K
  class space    used 1264K, capacity 1364K, committed 1408K, reserved 1048576K
Event: 8.025 GC heap after
Heap after GC invocations=2 (full 0):
 PSYoungGen      total 28160K, used 3580K [0x00000000d5580000, 0x00000000d7480000, 0x0000000100000000)
  eden space 24576K, 0% used [0x00000000d5580000,0x00000000d5580000,0x00000000d6d80000)
  from space 3584K, 99% used [0x00000000d7100000,0x00000000d747f068,0x00000000d7480000)
  to   space 3584K, 0% used [0x00000000d6d80000,0x00000000d6d80000,0x00000000d7100000)
 ParOldGen       total 64512K, used 713K [0x0000000080000000, 0x0000000083f00000, 0x00000000d5580000)
  object space 64512K, 1% used [0x0000000080000000,0x00000000800b27d8,0x0000000083f00000)
 Metaspace       used 9722K, capacity 10028K, committed 10112K, reserved 1058816K
  class space    used 1264K, capacity 1364K, committed 1408K, reserved 1048576K
}
Event: 12.366 GC heap before
{Heap before GC invocations=3 (full 0):
 PSYoungGen      total 28160K, used 28156K [0x00000000d5580000, 0x00000000d7480000, 0x0000000100000000)
  eden space 24576K, 100% used [0x00000000d5580000,0x00000000d6d80000,0x00000000d6d80000)
  from space 3584K, 99% used [0x00000000d7100000,0x00000000d747f068,0x00000000d7480000)
  to   space 3584K, 0% used [0x00000000d6d80000,0x00000000d6d80000,0x00000000d7100000)
 ParOldGen       total 64512K, used 713K [0x0000000080000000, 0x0000000083f00000, 0x00000000d5580000)
  object space 64512K, 1% used [0x0000000080000000,0x00000000800b27d8,0x0000000083f00000)
 Metaspace       used 13577K, capacity 13892K, committed 14080K, reserved 1060864K
  class space    used 1854K, capacity 1972K, committed 2048K, reserved 1048576K
Event: 12.373 GC heap after
Heap after GC invocations=3 (full 0):
 PSYoungGen      total 28160K, used 3584K [0x00000000d5580000, 0x00000000d7480000, 0x0000000100000000)
  eden space 24576K, 0% used [0x00000000d5580000,0x00000000d5580000,0x00000000d6d80000)
  from space 3584K, 100% used [0x00000000d6d80000,0x00000000d7100000,0x00000000d7100000)
  to   space 3584K, 0% used [0x00000000d7100000,0x00000000d7100000,0x00000000d7480000)
 ParOldGen       total 64512K, used 3282K [0x0000000080000000, 0x0000000083f00000, 0x00000000d5580000)
  object space 64512K, 5% used [0x0000000080000000,0x0000000080334960,0x0000000083f00000)
 Metaspace       used 13577K, capacity 13892K, committed 14080K, reserved 1060864K
  class space    used 1854K, capacity 1972K, committed 2048K, reserved 1048576K
}
Event: 15.828 GC heap before
{Heap before GC invocations=4 (full 0):
 PSYoungGen      total 28160K, used 28160K [0x00000000d5580000, 0x00000000d7480000, 0x0000000100000000)
  eden space 24576K, 100% used [0x00000000d5580000,0x00000000d6d80000,0x00000000d6d80000)
  from space 3584K, 100% used [0x00000000d6d80000,0x00000000d7100000,0x00000000d7100000)
  to   space 3584K, 0% used [0x00000000d7100000,0x00000000d7100000,0x00000000d7480000)
 ParOldGen       total 64512K, used 3282K [0x0000000080000000, 0x0000000083f00000, 0x00000000d5580000)
  object space 64512K, 5% used [0x0000000080000000,0x0000000080334960,0x0000000083f00000)
 Metaspace       used 18464K, capacity 18820K, committed 19072K, reserved 1064960K
  class space    used 2511K, capacity 2612K, committed 2688K, reserved 1048576K
Event: 15.838 GC heap after
Heap after GC invocations=4 (full 0):
 PSYoungGen      total 28160K, used 3584K [0x00000000d5580000, 0x00000000d7480000, 0x0000000100000000)
  eden space 24576K, 0% used [0x00000000d5580000,0x00000000d5580000,0x00000000d6d80000)
  from space 3584K, 100% used [0x00000000d7100000,0x00000000d7480000,0x00000000d7480000)
  to   space 3584K, 0% used [0x00000000d6d80000,0x00000000d6d80000,0x00000000d7100000)
 ParOldGen       total 64512K, used 7936K [0x0000000080000000, 0x0000000083f00000, 0x00000000d5580000)
  object space 64512K, 12% used [0x0000000080000000,0x00000000807c0028,0x0000000083f00000)
 Metaspace       used 18464K, capacity 18820K, committed 19072K, reserved 1064960K
  class space    used 2511K, capacity 2612K, committed 2688K, reserved 1048576K
}
Event: 16.709 GC heap before
{Heap before GC invocations=5 (full 0):
 PSYoungGen      total 28160K, used 25953K [0x00000000d5580000, 0x00000000d7480000, 0x0000000100000000)
  eden space 24576K, 91% used [0x00000000d5580000,0x00000000d6b58400,0x00000000d6d80000)
  from space 3584K, 100% used [0x00000000d7100000,0x00000000d7480000,0x00000000d7480000)
  to   space 3584K, 0% used [0x00000000d6d80000,0x00000000d6d80000,0x00000000d7100000)
 ParOldGen       total 64512K, used 7936K [0x0000000080000000, 0x0000000083f00000, 0x00000000d5580000)
  object space 64512K, 12% used [0x0000000080000000,0x00000000807c0028,0x0000000083f00000)
 Metaspace       used 20848K, capacity 21200K, committed 21296K, reserved 1067008K
  class space    used 2803K, capacity 2935K, committed 2944K, reserved 1048576K
Event: 16.717 GC heap after
Heap after GC invocations=5 (full 0):
 PSYoungGen      total 27648K, used 3584K [0x00000000d5580000, 0x00000000d7f00000, 0x0000000100000000)
  eden space 24064K, 0% used [0x00000000d5580000,0x00000000d5580000,0x00000000d6d00000)
  from space 3584K, 100% used [0x00000000d6d80000,0x00000000d7100000,0x00000000d7100000)
  to   space 9216K, 0% used [0x00000000d7600000,0x00000000d7600000,0x00000000d7f00000)
 ParOldGen       total 64512K, used 10498K [0x0000000080000000, 0x0000000083f00000, 0x00000000d5580000)
  object space 64512K, 16% used [0x0000000080000000,0x0000000080a40808,0x0000000083f00000)
 Metaspace       used 20848K, capacity 21200K, committed 21296K, reserved 1067008K
  class space    used 2803K, capacity 2935K, committed 2944K, reserved 1048576K
}
Event: 16.717 GC heap before
{Heap before GC invocations=6 (full 1):
 PSYoungGen      total 27648K, used 3584K [0x00000000d5580000, 0x00000000d7f00000, 0x0000000100000000)
  eden space 24064K, 0% used [0x00000000d5580000,0x00000000d5580000,0x00000000d6d00000)
  from space 3584K, 100% used [0x00000000d6d80000,0x00000000d7100000,0x00000000d7100000)
  to   space 9216K, 0% used [0x00000000d7600000,0x00000000d7600000,0x00000000d7f00000)
 ParOldGen       total 64512K, used 10498K [0x0000000080000000, 0x0000000083f00000, 0x00000000d5580000)
  object space 64512K, 16% used [0x0000000080000000,0x0000000080a40808,0x0000000083f00000)
 Metaspace       used 20848K, capacity 21200K, committed 21296K, reserved 1067008K
  class space    used 2803K, capacity 2935K, committed 2944K, reserved 1048576K
Event: 16.797 GC heap after
Heap after GC invocations=6 (full 1):
 PSYoungGen      total 27648K, used 0K [0x00000000d5580000, 0x00000000d7f00000, 0x0000000100000000)
  eden space 24064K, 0% used [0x00000000d5580000,0x00000000d5580000,0x00000000d6d00000)
  from space 3584K, 0% used [0x00000000d6d80000,0x00000000d6d80000,0x00000000d7100000)
  to   space 9216K, 0% used [0x00000000d7600000,0x00000000d7600000,0x00000000d7f00000)
 ParOldGen       total 37888K, used 8267K [0x0000000080000000, 0x0000000082500000, 0x00000000d5580000)
  object space 37888K, 21% used [0x0000000080000000,0x0000000080812e60,0x0000000082500000)
 Metaspace       used 20848K, capacity 21200K, committed 21296K, reserved 1067008K
  class space    used 2803K, capacity 2935K, committed 2944K, reserved 1048576K
}

