# JRE version: Java(TM) SE Runtime Environment (8.0_101-b13) (build 1.8.0_101-b13)
# Java VM: Java HotSpot(TM) 64-Bit Server VM (25.101-b13 mixed mode windows-amd64 compressed oops)
Heap:
 PSYoungGen      total 107008K, used 51438K [0x00000000d5580000, 0x00000000de680000, 0x0000000100000000)
  eden space 95232K, 43% used [0x00000000d5580000,0x00000000d7de08e8,0x00000000db280000)
  from space 11776K, 85% used [0x00000000db280000,0x00000000dbc5b268,0x00000000dbe00000)
  to   space 12288K, 0% used [0x00000000dda80000,0x00000000dda80000,0x00000000de680000)
 ParOldGen       total 72704K, used 17114K [0x0000000080000000, 0x0000000084700000, 0x00000000d5580000)
  object space 72704K, 23% used [0x0000000080000000,0x00000000810b6910,0x0000000084700000)
 Metaspace       used 45351K, capacity 46501K, committed 46720K, reserved 1089536K
  class space    used 6179K, capacity 6495K, committed 6528K, reserved 1048576K
GC Heap History (10 events):
Event: 24.989 GC heap before
{Heap before GC invocations=11 (full 1):
 PSYoungGen      total 66560K, used 43033K [0x00000000d5580000, 0x00000000db100000, 0x0000000100000000)
  eden space 58368K, 59% used [0x00000000d5580000,0x00000000d77892d8,0x00000000d8e80000)
  from space 8192K, 99% used [0x00000000d8e80000,0x00000000d967d428,0x00000000d9680000)
  to   space 9728K, 0% used [0x00000000da780000,0x00000000da780000,0x00000000db100000)
 ParOldGen       total 49664K, used 9331K [0x0000000080000000, 0x0000000083080000, 0x00000000d5580000)
  object space 49664K, 18% used [0x0000000080000000,0x000000008091cde0,0x0000000083080000)
 Metaspace       used 34752K, capacity 35321K, committed 35496K, reserved 1079296K
  class space    used 4722K, capacity 4864K, committed 4864K, reserved 1048576K
Event: 25.003 GC heap after
Heap after GC invocations=11 (full 1):
 PSYoungGen      total 82432K, used 9709K [0x00000000d5580000, 0x00000000db600000, 0x0000000100000000)
  eden space 72704K, 0% used [0x00000000d5580000,0x00000000d5580000,0x00000000d9c80000)
  from space 9728K, 99% used [0x00000000da780000,0x00000000db0fb640,0x00000000db100000)
  to   space 11264K, 0% used [0x00000000d9c80000,0x00000000d9c80000,0x00000000da780000)
 ParOldGen       total 49664K, used 10181K [0x0000000080000000, 0x0000000083080000, 0x00000000d5580000)
  object space 49664K, 20% used [0x0000000080000000,0x00000000809f16c8,0x0000000083080000)
 Metaspace       used 34752K, capacity 35321K, committed 35496K, reserved 1079296K
  class space    used 4722K, capacity 4864K, committed 4864K, reserved 1048576K
}
Event: 25.003 GC heap before
{Heap before GC invocations=12 (full 2):
 PSYoungGen      total 82432K, used 9709K [0x00000000d5580000, 0x00000000db600000, 0x0000000100000000)
  eden space 72704K, 0% used [0x00000000d5580000,0x00000000d5580000,0x00000000d9c80000)
  from space 9728K, 99% used [0x00000000da780000,0x00000000db0fb640,0x00000000db100000)
  to   space 11264K, 0% used [0x00000000d9c80000,0x00000000d9c80000,0x00000000da780000)
 ParOldGen       total 49664K, used 10181K [0x0000000080000000, 0x0000000083080000, 0x00000000d5580000)
  object space 49664K, 20% used [0x0000000080000000,0x00000000809f16c8,0x0000000083080000)
 Metaspace       used 34752K, capacity 35321K, committed 35496K, reserved 1079296K
  class space    used 4722K, capacity 4864K, committed 4864K, reserved 1048576K
Event: 25.106 GC heap after
Heap after GC invocations=12 (full 2):
 PSYoungGen      total 82432K, used 0K [0x00000000d5580000, 0x00000000db600000, 0x0000000100000000)
  eden space 72704K, 0% used [0x00000000d5580000,0x00000000d5580000,0x00000000d9c80000)
  from space 9728K, 0% used [0x00000000da780000,0x00000000da780000,0x00000000db100000)
  to   space 11264K, 0% used [0x00000000d9c80000,0x00000000d9c80000,0x00000000da780000)
 ParOldGen       total 72704K, used 17026K [0x0000000080000000, 0x0000000084700000, 0x00000000d5580000)
  object space 72704K, 23% used [0x0000000080000000,0x00000000810a0900,0x0000000084700000)
 Metaspace       used 34752K, capacity 35321K, committed 35496K, reserved 1079296K
  class space    used 4722K, capacity 4864K, committed 4864K, reserved 1048576K
}
Event: 29.819 GC heap before
{Heap before GC invocations=13 (full 2):
 PSYoungGen      total 82432K, used 72704K [0x00000000d5580000, 0x00000000db600000, 0x0000000100000000)
  eden space 72704K, 100% used [0x00000000d5580000,0x00000000d9c80000,0x00000000d9c80000)
  from space 9728K, 0% used [0x00000000da780000,0x00000000da780000,0x00000000db100000)
  to   space 11264K, 0% used [0x00000000d9c80000,0x00000000d9c80000,0x00000000da780000)
 ParOldGen       total 72704K, used 17026K [0x0000000080000000, 0x0000000084700000, 0x00000000d5580000)
  object space 72704K, 23% used [0x0000000080000000,0x00000000810a0900,0x0000000084700000)
 Metaspace       used 41340K, capacity 42171K, committed 42624K, reserved 1085440K
  class space    used 5656K, capacity 5893K, committed 6016K, reserved 1048576K
Event: 29.828 GC heap after
Heap after GC invocations=13 (full 2):
 PSYoungGen      total 83968K, used 7882K [0x00000000d5580000, 0x00000000dc900000, 0x0000000100000000)
  eden space 72704K, 0% used [0x00000000d5580000,0x00000000d5580000,0x00000000d9c80000)
  from space 11264K, 69% used [0x00000000d9c80000,0x00000000da4328f0,0x00000000da780000)
  to   space 11264K, 0% used [0x00000000dbe00000,0x00000000dbe00000,0x00000000dc900000)
 ParOldGen       total 72704K, used 17098K [0x0000000080000000, 0x0000000084700000, 0x00000000d5580000)
  object space 72704K, 23% used [0x0000000080000000,0x00000000810b2910,0x0000000084700000)
 Metaspace       used 41340K, capacity 42171K, committed 42624K, reserved 1085440K
  class space    used 5656K, capacity 5893K, committed 6016K, reserved 1048576K
}
Event: 30.930 GC heap before
{Heap before GC invocations=14 (full 2):
 PSYoungGen      total 83968K, used 80586K [0x00000000d5580000, 0x00000000dc900000, 0x0000000100000000)
  eden space 72704K, 100% used [0x00000000d5580000,0x00000000d9c80000,0x00000000d9c80000)
  from space 11264K, 69% used [0x00000000d9c80000,0x00000000da4328f0,0x00000000da780000)
  to   space 11264K, 0% used [0x00000000dbe00000,0x00000000dbe00000,0x00000000dc900000)
 ParOldGen       total 72704K, used 17098K [0x0000000080000000, 0x0000000084700000, 0x00000000d5580000)
  object space 72704K, 23% used [0x0000000080000000,0x00000000810b2910,0x0000000084700000)
 Metaspace       used 41696K, capacity 42503K, committed 42880K, reserved 1085440K
  class space    used 5667K, capacity 5895K, committed 6016K, reserved 1048576K
Event: 30.940 GC heap after
Heap after GC invocations=14 (full 2):
 PSYoungGen      total 106496K, used 8921K [0x00000000d5580000, 0x00000000dca00000, 0x0000000100000000)
  eden space 95232K, 0% used [0x00000000d5580000,0x00000000d5580000,0x00000000db280000)
  from space 11264K, 79% used [0x00000000dbe00000,0x00000000dc6b6408,0x00000000dc900000)
  to   space 11776K, 0% used [0x00000000db280000,0x00000000db280000,0x00000000dbe00000)
 ParOldGen       total 72704K, used 17106K [0x0000000080000000, 0x0000000084700000, 0x00000000d5580000)
  object space 72704K, 23% used [0x0000000080000000,0x00000000810b4910,0x0000000084700000)
 Metaspace       used 41696K, capacity 42503K, committed 42880K, reserved 1085440K
  class space    used 5667K, capacity 5895K, committed 6016K, reserved 1048576K
}
Event: 33.721 GC heap before
{Heap before GC invocations=15 (full 2):
 PSYoungGen      total 106496K, used 104153K [0x00000000d5580000, 0x00000000dca00000, 0x0000000100000000)
  eden space 95232K, 100% used [0x00000000d5580000,0x00000000db280000,0x00000000db280000)
  from space 11264K, 79% used [0x00000000dbe00000,0x00000000dc6b6408,0x00000000dc900000)
  to   space 11776K, 0% used [0x00000000db280000,0x00000000db280000,0x00000000dbe00000)
 ParOldGen       total 72704K, used 17106K [0x0000000080000000, 0x0000000084700000, 0x00000000d5580000)
  object space 72704K, 23% used [0x0000000080000000,0x00000000810b4910,0x0000000084700000)
 Metaspace       used 42411K, capacity 43335K, committed 43648K, reserved 1087488K
  class space    used 5753K, capacity 5977K, committed 6016K, reserved 1048576K
Event: 33.738 GC heap after
Heap after GC invocations=15 (full 2):
 PSYoungGen      total 107008K, used 10092K [0x00000000d5580000, 0x00000000de680000, 0x0000000100000000)
  eden space 95232K, 0% used [0x00000000d5580000,0x00000000d5580000,0x00000000db280000)
  from space 11776K, 85% used [0x00000000db280000,0x00000000dbc5b268,0x00000000dbe00000)
  to   space 12288K, 0% used [0x00000000dda80000,0x00000000dda80000,0x00000000de680000)
 ParOldGen       total 72704K, used 17114K [0x0000000080000000, 0x0000000084700000, 0x00000000d5580000)
  object space 72704K, 23% used [0x0000000080000000,0x00000000810b6910,0x0000000084700000)
 Metaspace       used 42411K, capacity 43335K, committed 43648K, reserved 1087488K
  class space    used 5753K, capacity 5977K, committed 6016K, reserved 1048576K
}

