# JRE version: Java(TM) SE Runtime Environment (8.0_101-b13) (build 1.8.0_101-b13)
# Java VM: Java HotSpot(TM) 64-Bit Server VM (25.101-b13 mixed mode windows-amd64 compressed oops)
Heap:
 PSYoungGen      total 28160K, used 7686K [0x00000000d5580000, 0x00000000d7480000, 0x0000000100000000)
  eden space 24576K, 16% used [0x00000000d5580000,0x00000000d5985890,0x00000000d6d80000)
  from space 3584K, 99% used [0x00000000d7100000,0x00000000d747c030,0x00000000d7480000)
  to   space 3584K, 0% used [0x00000000d6d80000,0x00000000d6d80000,0x00000000d7100000)
 ParOldGen       total 64512K, used 7857K [0x0000000080000000, 0x0000000083f00000, 0x00000000d5580000)
  object space 64512K, 12% used [0x0000000080000000,0x00000000807ac5b0,0x0000000083f00000)
 Metaspace       used 18801K, capacity 19098K, committed 19328K, reserved 1067008K
  class space    used 2551K, capacity 2654K, committed 2688K, reserved 1048576K
GC Heap History (8 events):
Event: 0.847 GC heap before
{Heap before GC invocations=1 (full 0):
 PSYoungGen      total 28160K, used 24576K [0x00000000d5580000, 0x00000000d7480000, 0x0000000100000000)
  eden space 24576K, 100% used [0x00000000d5580000,0x00000000d6d80000,0x00000000d6d80000)
  from space 3584K, 0% used [0x00000000d7100000,0x00000000d7100000,0x00000000d7480000)
  to   space 3584K, 0% used [0x00000000d6d80000,0x00000000d6d80000,0x00000000d7100000)
 ParOldGen       total 64512K, used 0K [0x0000000080000000, 0x0000000083f00000, 0x00000000d5580000)
  object space 64512K, 0% used [0x0000000080000000,0x0000000080000000,0x0000000083f00000)
 Metaspace       used 6048K, capacity 6308K, committed 6528K, reserved 1056768K
  class space    used 777K, capacity 828K, committed 896K, reserved 1048576K
Event: 0.851 GC heap after
Heap after GC invocations=1 (full 0):
 PSYoungGen      total 28160K, used 3344K [0x00000000d5580000, 0x00000000d7480000, 0x0000000100000000)
  eden space 24576K, 0% used [0x00000000d5580000,0x00000000d5580000,0x00000000d6d80000)
  from space 3584K, 93% used [0x00000000d6d80000,0x00000000d70c4240,0x00000000d7100000)
  to   space 3584K, 0% used [0x00000000d7100000,0x00000000d7100000,0x00000000d7480000)
 ParOldGen       total 64512K, used 8K [0x0000000080000000, 0x0000000083f00000, 0x00000000d5580000)
  object space 64512K, 0% used [0x0000000080000000,0x0000000080002000,0x0000000083f00000)
 Metaspace       used 6048K, capacity 6308K, committed 6528K, reserved 1056768K
  class space    used 777K, capacity 828K, committed 896K, reserved 1048576K
}
Event: 3.567 GC heap before
{Heap before GC invocations=2 (full 0):
 PSYoungGen      total 28160K, used 27920K [0x00000000d5580000, 0x00000000d7480000, 0x0000000100000000)
  eden space 24576K, 100% used [0x00000000d5580000,0x00000000d6d80000,0x00000000d6d80000)
  from space 3584K, 93% used [0x00000000d6d80000,0x00000000d70c4240,0x00000000d7100000)
  to   space 3584K, 0% used [0x00000000d7100000,0x00000000d7100000,0x00000000d7480000)
 ParOldGen       total 64512K, used 8K [0x0000000080000000, 0x0000000083f00000, 0x00000000d5580000)
  object space 64512K, 0% used [0x0000000080000000,0x0000000080002000,0x0000000083f00000)
 Metaspace       used 10053K, capacity 10334K, committed 10624K, reserved 1058816K
  class space    used 1295K, capacity 1365K, committed 1408K, reserved 1048576K
Event: 3.573 GC heap after
Heap after GC invocations=2 (full 0):
 PSYoungGen      total 28160K, used 3567K [0x00000000d5580000, 0x00000000d7480000, 0x0000000100000000)
  eden space 24576K, 0% used [0x00000000d5580000,0x00000000d5580000,0x00000000d6d80000)
  from space 3584K, 99% used [0x00000000d7100000,0x00000000d747be00,0x00000000d7480000)
  to   space 3584K, 0% used [0x00000000d6d80000,0x00000000d6d80000,0x00000000d7100000)
 ParOldGen       total 64512K, used 716K [0x0000000080000000, 0x0000000083f00000, 0x00000000d5580000)
  object space 64512K, 1% used [0x0000000080000000,0x00000000800b3270,0x0000000083f00000)
 Metaspace       used 10053K, capacity 10334K, committed 10624K, reserved 1058816K
  class space    used 1295K, capacity 1365K, committed 1408K, reserved 1048576K
}
Event: 4.425 GC heap before
{Heap before GC invocations=3 (full 0):
 PSYoungGen      total 28160K, used 28143K [0x00000000d5580000, 0x00000000d7480000, 0x0000000100000000)
  eden space 24576K, 100% used [0x00000000d5580000,0x00000000d6d80000,0x00000000d6d80000)
  from space 3584K, 99% used [0x00000000d7100000,0x00000000d747be00,0x00000000d7480000)
  to   space 3584K, 0% used [0x00000000d6d80000,0x00000000d6d80000,0x00000000d7100000)
 ParOldGen       total 64512K, used 716K [0x0000000080000000, 0x0000000083f00000, 0x00000000d5580000)
  object space 64512K, 1% used [0x0000000080000000,0x00000000800b3270,0x0000000083f00000)
 Metaspace       used 13627K, capacity 13972K, committed 14080K, reserved 1060864K
  class space    used 1849K, capacity 1948K, committed 2048K, reserved 1048576K
Event: 4.436 GC heap after
Heap after GC invocations=3 (full 0):
 PSYoungGen      total 28160K, used 3584K [0x00000000d5580000, 0x00000000d7480000, 0x0000000100000000)
  eden space 24576K, 0% used [0x00000000d5580000,0x00000000d5580000,0x00000000d6d80000)
  from space 3584K, 100% used [0x00000000d6d80000,0x00000000d7100000,0x00000000d7100000)
  to   space 3584K, 0% used [0x00000000d7100000,0x00000000d7100000,0x00000000d7480000)
 ParOldGen       total 64512K, used 3281K [0x0000000080000000, 0x0000000083f00000, 0x00000000d5580000)
  object space 64512K, 5% used [0x0000000080000000,0x0000000080334410,0x0000000083f00000)
 Metaspace       used 13627K, capacity 13972K, committed 14080K, reserved 1060864K
  class space    used 1849K, capacity 1948K, committed 2048K, reserved 1048576K
}
Event: 5.291 GC heap before
{Heap before GC invocations=4 (full 0):
 PSYoungGen      total 28160K, used 28160K [0x00000000d5580000, 0x00000000d7480000, 0x0000000100000000)
  eden space 24576K, 100% used [0x00000000d5580000,0x00000000d6d80000,0x00000000d6d80000)
  from space 3584K, 100% used [0x00000000d6d80000,0x00000000d7100000,0x00000000d7100000)
  to   space 3584K, 0% used [0x00000000d7100000,0x00000000d7100000,0x00000000d7480000)
 ParOldGen       total 64512K, used 3281K [0x0000000080000000, 0x0000000083f00000, 0x00000000d5580000)
  object space 64512K, 5% used [0x0000000080000000,0x0000000080334410,0x0000000083f00000)
 Metaspace       used 18462K, capacity 18868K, committed 19072K, reserved 1064960K
  class space    used 2505K, capacity 2620K, committed 2688K, reserved 1048576K
Event: 5.312 GC heap after
Heap after GC invocations=4 (full 0):
 PSYoungGen      total 28160K, used 3568K [0x00000000d5580000, 0x00000000d7480000, 0x0000000100000000)
  eden space 24576K, 0% used [0x00000000d5580000,0x00000000d5580000,0x00000000d6d80000)
  from space 3584K, 99% used [0x00000000d7100000,0x00000000d747c030,0x00000000d7480000)
  to   space 3584K, 0% used [0x00000000d6d80000,0x00000000d6d80000,0x00000000d7100000)
 ParOldGen       total 64512K, used 7857K [0x0000000080000000, 0x0000000083f00000, 0x00000000d5580000)
  object space 64512K, 12% used [0x0000000080000000,0x00000000807ac5b0,0x0000000083f00000)
 Metaspace       used 18462K, capacity 18868K, committed 19072K, reserved 1064960K
  class space    used 2505K, capacity 2620K, committed 2688K, reserved 1048576K
}

